<?xml version="1.0" encoding="utf-8"?><testsuites name="pytest tests"><testsuite name="pytest" errors="0" failures="0" skipped="0" tests="610" time="201.876" timestamp="2026-09-22T01:00:46.135005+08:00" hostname="XUYU"><testcase classname="tests.test_album_adapters" name="test_exchange_preserves_history_when_restored" time="0.100" /><testcase classname="tests.test_album_adapters" name="test_deferred_trigger_once_when_revision_repeated" time="0.087" /><testcase classname="tests.test_album_adapters" name="test_full_hash_resolution_refuses_ambiguous_short_id" time="0.001" /><testcase classname="tests.test_album_browser" name="test_browser_draft_stages_then_commits_when_confirmed" time="0.076" /><testcase classname="tests.test_album_cli" name="test_cli_initializes_when_library_explicit" time="0.699" /><testcase classname="tests.test_album_cli" name="test_cli_refuses_missing_database_when_read_requested" time="0.731" /><testcase classname="tests.test_album_cluster_conflicts" name="test_merge_preserves_labels_when_names_conflict[reject]" time="0.111" /><testcase classname="tests.test_album_cluster_conflicts" name="test_merge_preserves_labels_when_names_conflict[defer]" time="0.334" /><testcase classname="tests.test_album_cluster_conflicts" name="test_mark_refused_when_subject_already_has_opposite_character_mark" time="0.055" /><testcase classname="tests.test_album_cluster_conflicts" name="test_typed_naming_when_namespace_is_open[work]" time="0.123" /><testcase classname="tests.test_album_cluster_conflicts" name="test_typed_naming_when_namespace_is_open[artist]" time="0.099" /><testcase classname="tests.test_album_cluster_conflicts" name="test_typed_naming_when_namespace_is_open[original-series]" time="0.115" /><testcase classname="tests.test_album_cluster_conflicts" name="test_typed_naming_when_namespace_is_open[character]" time="0.113" /><testcase classname="tests.test_album_cluster_conflicts" name="test_typed_naming_when_namespace_is_open[ordinary-person]" time="0.112" /><testcase classname="tests.test_album_cluster_conflicts" name="test_typed_naming_when_namespace_is_open[undetermined]" time="0.113" /><testcase classname="tests.test_album_clusters" name="test_cluster_operation_replays_and_undoes_when_confirmed[name]" time="0.225" /><testcase classname="tests.test_album_clusters" name="test_cluster_operation_replays_and_undoes_when_confirmed[split]" time="0.366" /><testcase classname="tests.test_album_clusters" name="test_cluster_operation_replays_and_undoes_when_confirmed[merge]" time="0.317" /><testcase classname="tests.test_album_clusters" name="test_cluster_operation_replays_and_undoes_when_confirmed[outlier]" time="0.308" /><testcase classname="tests.test_album_clusters" name="test_cluster_operation_replays_and_undoes_when_confirmed[exclusion]" time="0.304" /><testcase classname="tests.test_album_clusters" name="test_split_refuses_overlap_when_partitions_are_not_disjoint" time="0.054" /><testcase classname="tests.test_album_clusters" name="test_partial_undo_preserves_sibling_edit_when_same_image_row_changes" time="0.295" /><testcase classname="tests.test_album_contracts" name="test_v2_label_dispatch_when_disposition_added" time="0.008" /><testcase classname="tests.test_album_contracts" name="test_consent_stays_zero_when_execution_count_supplied" time="0.001" /><testcase classname="tests.test_album_discovery" name="test_unknown_pool_freezes_and_promotes_when_seed_has_ten_images" time="2.488" /><testcase classname="tests.test_album_discovery" name="test_pool_digest_changes_when_unresolved_without_vector_added" time="0.042" /><testcase classname="tests.test_album_discovery_lineage" name="test_seed_gate_when_distinct_image_count_crosses_ten[9]" time="0.059" /><testcase classname="tests.test_album_discovery_lineage" name="test_seed_gate_when_distinct_image_count_crosses_ten[10]" time="0.113" /><testcase classname="tests.test_album_discovery_lineage" name="test_seed_gate_when_distinct_image_count_crosses_ten[11]" time="0.066" /><testcase classname="tests.test_album_discovery_lineage" name="test_lineage_when_pool_grows_and_parameters_change" time="0.089" /><testcase classname="tests.test_album_discovery_lineage" name="test_pool_refuses_wrong_crop_binding_when_vector_profile_matches" time="0.056" /><testcase classname="tests.test_album_g3_cli" name="test_cli_split_when_preview_confirmed_then_undo_and_refuse_bad_token" time="4.516" /><testcase classname="tests.test_album_g3_cli" name="test_cli_rejects_when_confirmation_token_does_not_match" time="2.514" /><testcase classname="tests.test_album_pool_boundaries" name="test_pool_membership_when_every_disposition_is_present" time="0.050" /><testcase classname="tests.test_album_pool_boundaries" name="test_selected_promotion_when_other_clusters_noise_and_missing_vectors_exist" time="0.374" /><testcase classname="tests.test_album_pool_boundaries" name="test_recluster_infers_lineage_when_prior_membership_was_committed" time="0.131" /><testcase classname="tests.test_album_pool_boundaries" name="test_split_and_merge_lineage_when_visual_threshold_changes" time="0.083" /><testcase classname="tests.test_album_promotion" name="test_discovery_batch_undo_when_membership_or_name_confirmed[False]" time="0.277" /><testcase classname="tests.test_album_promotion" name="test_discovery_batch_undo_when_membership_or_name_confirmed[True]" time="0.311" /><testcase classname="tests.test_album_promotion" name="test_compatibility_preview_when_profile_requires_reembedding" time="0.035" /><testcase classname="tests.test_album_promotion" name="test_small_selection_refused_when_promoting_large_seed" time="0.061" /><testcase classname="tests.test_album_receipts" name="test_receipt_refuses_pass_claim_when_suite_failed" time="0.224" /><testcase classname="tests.test_album_recovery" name="test_old_or_complete_revision_when_cutpoint_raises[before-P]" time="0.035" /><testcase classname="tests.test_album_recovery" name="test_old_or_complete_revision_when_cutpoint_raises[P-artifact]" time="0.034" /><testcase classname="tests.test_album_recovery" name="test_old_or_complete_revision_when_cutpoint_raises[P-manifest]" time="0.033" /><testcase classname="tests.test_album_recovery" name="test_old_or_complete_revision_when_cutpoint_raises[after-P]" time="0.037" /><testcase classname="tests.test_album_recovery" name="test_old_or_complete_revision_when_cutpoint_raises[before-C]" time="0.042" /><testcase classname="tests.test_album_recovery" name="test_old_or_complete_revision_when_cutpoint_raises[C-marker]" time="0.039" /><testcase classname="tests.test_album_recovery" name="test_old_or_complete_revision_when_cutpoint_raises[C-event]" time="0.037" /><testcase classname="tests.test_album_recovery" name="test_old_or_complete_revision_when_cutpoint_raises[C-row]" time="0.043" /><testcase classname="tests.test_album_recovery" name="test_old_or_complete_revision_when_cutpoint_raises[C-root]" time="0.043" /><testcase classname="tests.test_album_recovery" name="test_old_or_complete_revision_when_cutpoint_raises[after-C]" time="0.044" /><testcase classname="tests.test_album_recovery" name="test_old_or_complete_revision_when_cutpoint_raises[acknowledgement]" time="0.045" /><testcase classname="tests.test_album_recovery" name="test_request_stamps_lineage_when_created" time="0.028" /><testcase classname="tests.test_album_recovery" name="test_nested_relation_refused_when_bound_to_sibling" time="0.001" /><testcase classname="tests.test_album_recovery" name="test_partial_undo_restores_eligible_rows_when_other_row_edited" time="0.089" /><testcase classname="tests.test_album_recovery" name="test_second_coordinator_refused_when_lock_held" time="0.027" /><testcase classname="tests.test_album_recovery" name="test_prepared_before_token_refused_when_manifest_rehashed" time="0.054" /><testcase classname="tests.test_album_registry" name="test_registry_v2_retains_bytes_when_legacy_imported" time="0.003" /><testcase classname="tests.test_album_registry" name="test_registry_v2_refuses_materialized_reference_without_event" time="0.001" /><testcase classname="tests.test_album_store" name="test_prepared_mapping_is_hidden_when_reopened" time="0.051" /><testcase classname="tests.test_album_store" name="test_undo_preserves_aba_when_later_edit_returns_to_same_value" time="0.102" /><testcase classname="tests.test_album_store" name="test_reconcile_refuses_tampered_unchanged_row" time="0.060" /><testcase classname="tests.test_album_vectors" name="test_wall_uses_full_hash_tie_break_when_legacy_alias_order_is_reversed" time="0.002" /><testcase classname="tests.test_album_vectors" name="test_saved_vectors_use_integrity_loader_when_manifest_is_bound" time="0.030" /><testcase classname="tests.test_alias_cli" name="test_alias_when_proposed_via_cli_writes_candidates" time="0.918" /><testcase classname="tests.test_alias_cli" name="test_alias_when_confirmed_via_cli_becomes_eligible" time="0.998" /><testcase classname="tests.test_alias_cli" name="test_alias_when_rejected_via_cli_persists" time="0.890" /><testcase classname="tests.test_alias_cli" name="test_alias_when_request_is_invalid_exits_nonzero[invalid-op]" time="0.730" /><testcase classname="tests.test_alias_cli" name="test_alias_when_request_is_invalid_exits_nonzero[missing-file-arg]" time="1.233" /><testcase classname="tests.test_alias_cli" name="test_alias_when_request_is_invalid_exits_nonzero[absent-file]" time="1.139" /><testcase classname="tests.test_alias_cli" name="test_alias_when_request_is_invalid_exits_nonzero[malformed-file]" time="1.133" /><testcase classname="tests.test_alias_evidence" name="test_anchor_when_wd_covers_reference_image_joins_direct" time="0.059" /><testcase classname="tests.test_alias_evidence" name="test_anchor_when_only_crop_digest_matches_refuses_direct_support" time="0.052" /><testcase classname="tests.test_alias_evidence" name="test_anchor_when_wd_has_no_anchor_evidence_stays_weak" time="0.048" /><testcase classname="tests.test_alias_evidence" name="test_summary_when_multiple_crops_share_image" time="0.001" /><testcase classname="tests.test_alias_evidence" name="test_direct_when_full_image_digest_matches" time="0.063" /><testcase classname="tests.test_alias_evidence" name="test_merge_when_decisions_conflict_refuses" time="0.001" /><testcase classname="tests.test_alias_evidence" name="test_import_when_stale_confirmation_conflicts_with_rejection" time="0.109" /><testcase classname="tests.test_alias_evidence" name="test_confirmation_when_tag_has_another_owner_refuses" time="0.067" /><testcase classname="tests.test_alias_evidence" name="test_confirmation_when_later_rejected_retracts" time="0.169" /><testcase classname="tests.test_alias_evidence" name="test_v1_when_read_migrates_without_inventing_decisions" time="0.091" /><testcase classname="tests.test_alias_evidence" name="test_reference_when_alias_crop_names_overlap_preserves_support" time="0.061" /><testcase classname="tests.test_alias_reconciliation" name="test_pair_when_confirmed_becomes_eligible" time="0.196" /><testcase classname="tests.test_alias_reconciliation" name="test_pair_when_unconfirmed_stays_demoted" time="0.120" /><testcase classname="tests.test_alias_reconciliation" name="test_pair_when_rejected_persists_across_runs" time="0.254" /><testcase classname="tests.test_alias_reconciliation" name="test_decision_when_export_import_round_trips[confirmed]" time="0.274" /><testcase classname="tests.test_alias_reconciliation" name="test_decision_when_export_import_round_trips[rejected]" time="0.222" /><testcase classname="tests.test_alias_reconciliation" name="test_no_alias_when_other_character_conflicts_stays_demoted" time="0.083" /><testcase classname="tests.test_alias_reconciliation" name="test_decision_when_renamed_merged_deleted" time="0.304" /><testcase classname="tests.test_alias_reconciliation" name="test_decision_when_deleted_retracts_alias" time="0.237" /><testcase classname="tests.test_alias_reconciliation" name="test_batch_when_foreign_refused_without_write" time="0.102" /><testcase classname="tests.test_anchor_crops" name="test_persist_when_crops_accepted_writes_content_addresses" time="0.017" /><testcase classname="tests.test_anchor_crops" name="test_persist_when_digest_mismatches_refuses_before_writing" time="0.004" /><testcase classname="tests.test_anchor_crops" name="test_verified_when_crop_missing_or_corrupt_is_omitted" time="0.013" /><testcase classname="tests.test_anchor_crops" name="test_verified_when_no_anchor_document_returns_empty" time="0.004" /><testcase classname="tests.test_anchor_crops" name="test_restore_when_legacy_corpus_has_sources_reproduces_verified_crops" time="0.047" /><testcase classname="tests.test_apply" name="test_plan_generation_when_all_tiers" time="0.152" /><testcase classname="tests.test_apply" name="test_plan_when_frozen_csv_omits_qrealign" time="0.039" /><testcase classname="tests.test_apply" name="test_plan_refuses_when_required_csv_column_missing" time="0.029" /><testcase classname="tests.test_apply" name="test_execute_refuses_when_gate_invalid[missing]" time="0.039" /><testcase classname="tests.test_apply" name="test_execute_refuses_when_gate_invalid[token]" time="0.055" /><testcase classname="tests.test_apply" name="test_execute_refuses_when_gate_invalid[scores]" time="0.059" /><testcase classname="tests.test_apply" name="test_execute_refuses_when_gate_invalid[tamper]" time="0.053" /><testcase classname="tests.test_apply" name="test_copy_verify_remove_when_cjk_filename" time="0.136" /><testcase classname="tests.test_apply" name="test_batch_rolls_back_when_copy_hash_mismatches" time="0.282" /><testcase classname="tests.test_apply" name="test_collision_when_destination_exists[True]" time="0.128" /><testcase classname="tests.test_apply" name="test_collision_when_destination_exists[False]" time="0.153" /><testcase classname="tests.test_apply" name="test_undo_round_trip_when_repeated" time="0.237" /><testcase classname="tests.test_apply" name="test_limit_when_execute" time="0.114" /><testcase classname="tests.test_apply" name="test_cli_when_default_or_incomplete_authorization[args0]" time="0.034" /><testcase classname="tests.test_apply" name="test_cli_when_default_or_incomplete_authorization[args1]" time="0.009" /><testcase classname="tests.test_apply" name="test_cli_when_default_or_incomplete_authorization[args2]" time="0.009" /><testcase classname="tests.test_apply" name="test_module_entrypoints_when_help_requested" time="0.874" /><testcase classname="tests.test_apply" name="test_guard_when_source_outside_config_root" time="0.028" /><testcase classname="tests.test_apply" name="test_undo_refuses_when_destination_modified" time="0.172" /><testcase classname="tests.test_apply" name="test_symlink_refused_when_destination_is_link" time="0.046" /><testcase classname="tests.test_apply" name="test_undo_recovers_when_interrupted_before_unlink" time="0.163" /><testcase classname="tests.test_apply" name="test_config_target_when_override_supplied[../escape]" time="0.014" /><testcase classname="tests.test_apply" name="test_config_target_when_override_supplied[\u8eab\u4efd\u81ea\u5b9a\u4e49]" time="0.033" /><testcase classname="tests.test_apply" name="test_queue_when_already_in_target" time="0.115" /><testcase classname="tests.test_architecture_identity" name="test_cache_when_prefixes_collide" time="0.361" /><testcase classname="tests.test_architecture_identity" name="test_cache_when_source_changes" time="0.225" /><testcase classname="tests.test_architecture_identity" name="test_gallery_when_legacy_hash_unavailable" time="0.013" /><testcase classname="tests.test_architecture_identity" name="test_cache_when_execution_profile_changes" time="0.173" /><testcase classname="tests.test_architecture_identity" name="test_cache_when_payload_corrupted" time="0.483" /><testcase classname="tests.test_architecture_persistence" name="test_migration_when_interrupted[after_backup]" time="0.068" /><testcase classname="tests.test_architecture_persistence" name="test_migration_when_interrupted[after_ledger]" time="0.072" /><testcase classname="tests.test_architecture_persistence" name="test_migration_when_interrupted[after_schema]" time="0.081" /><testcase classname="tests.test_architecture_persistence" name="test_migration_when_interrupted[after_version]" time="0.073" /><testcase classname="tests.test_architecture_persistence" name="test_migration_when_interrupted[before_commit]" time="0.074" /><testcase classname="tests.test_architecture_persistence" name="test_journal_when_tail_is_torn" time="0.323" /><testcase classname="tests.test_architecture_persistence" name="test_journal_when_only_done_record_is_truncated" time="0.226" /><testcase classname="tests.test_architecture_persistence" name="test_journal_when_midstream_record_is_corrupt" time="0.199" /><testcase classname="tests.test_architecture_resources" name="test_budgets_when_available_memory_is_low" time="0.001" /><testcase classname="tests.test_architecture_resources" name="test_queue_when_two_oversized_images_are_reserved" time="0.001" /><testcase classname="tests.test_architecture_resources" name="test_prefetch_when_decode_reservation_exceeds_budget" time="0.012" /><testcase classname="tests.test_architecture_worker" name="test_response_when_invalid[handshake]" time="0.007" /><testcase classname="tests.test_architecture_worker" name="test_response_when_invalid[reordered]" time="0.001" /><testcase classname="tests.test_architecture_worker" name="test_response_when_invalid[count]" time="0.001" /><testcase classname="tests.test_architecture_worker" name="test_response_when_invalid[stale]" time="0.001" /><testcase classname="tests.test_architecture_worker" name="test_response_when_invalid[nonfinite]" time="0.001" /><testcase classname="tests.test_architecture_worker" name="test_timeout_when_stub_worker_expires" time="0.043" /><testcase classname="tests.test_architecture_worker" name="test_exchange_when_real_stub_process[valid]" time="0.362" /><testcase classname="tests.test_architecture_worker" name="test_exchange_when_real_stub_process[reorder]" time="0.370" /><testcase classname="tests.test_architecture_worker" name="test_coordinator_when_worker_times_out" time="0.145" /><testcase classname="tests.test_build_gallery" name="test_load_families_when_pipeline_array_shape" time="0.012" /><testcase classname="tests.test_build_gallery" name="test_load_families_when_legacy_dict_shape" time="0.012" /><testcase classname="tests.test_build_gallery" name="test_load_families_overlays_csv_derived_members" time="0.013" /><testcase classname="tests.test_build_gallery" name="test_load_families_when_root_shape_is_invalid" time="0.006" /><testcase classname="tests.test_build_gallery" name="test_localization_map_contains_required_chinese_surface" time="0.001" /><testcase classname="tests.test_build_gallery" name="test_read_scores_tolerates_optional_qrealign_and_extra_columns" time="0.015" /><testcase classname="tests.test_build_gallery" name="test_unknown_flags_are_preserved_and_counted" time="0.008" /><testcase classname="tests.test_build_gallery" name="test_payload_tracks_qrealign_column_presence" time="0.011" /><testcase classname="tests.test_build_gallery" name="test_build_stats_reports_consensus_median" time="0.001" /><testcase classname="tests.test_build_gallery" name="test_face_bbox_maps_original_pixels_through_fixed_contain_letterbox" time="0.001" /><testcase classname="tests.test_build_gallery" name="test_face_bbox_maps_portrait_source_to_rotated_landscape_preview" time="0.001" /><testcase classname="tests.test_conservative" name="test_tier_when_at_quantile_boundary[14-archive_candidate]" time="0.100" /><testcase classname="tests.test_conservative" name="test_tier_when_at_quantile_boundary[15-review]" time="0.087" /><testcase classname="tests.test_conservative" name="test_tier_when_at_quantile_boundary[17-review]" time="0.091" /><testcase classname="tests.test_conservative" name="test_tier_when_at_quantile_boundary[18-queue]" time="0.080" /><testcase classname="tests.test_conservative" name="test_audit_when_low_tier_hash_selected" time="0.082" /><testcase classname="tests.test_conservative" name="test_review_when_low_score_flagged" time="0.092" /><testcase classname="tests.test_conservative" name="test_scan_when_jpg_and_sidecars_present" time="0.181" /><testcase classname="tests.test_conservative" name="test_fourth_score_when_other_scores_constant" time="0.098" /><testcase classname="tests.test_conservative" name="test_sql_view_when_reopening_legacy_manifest" time="0.099" /><testcase classname="tests.test_contract" name="test_zscore_when_constant" time="0.001" /><testcase classname="tests.test_contract" name="test_pixels_when_metadata_differs" time="0.021" /><testcase classname="tests.test_contract" name="test_family_when_transitive" time="0.001" /><testcase classname="tests.test_contract" name="test_outputs_when_outside_project" time="0.006" /><testcase classname="tests.test_contract" name="test_csv_when_contract_loaded" time="0.001" /><testcase classname="tests.test_family_ids" name="test_family_ids_survive_unrelated_addition" time="0.145" /><testcase classname="tests.test_family_ids" name="test_family_digest_uses_unique_full_hashes" time="0.105" /><testcase classname="tests.test_family_ids" name="test_family_digest_changes_with_profile" time="0.122" /><testcase classname="tests.test_family_ids" name="test_family_ids_survive_permutation_and_duplicate" time="0.140" /><testcase classname="tests.test_family_ids" name="test_family_id_changes_when_members_merge" time="0.130" /><testcase classname="tests.test_first_pass_boundaries" name="test_auto_when_human_support_is_committed_records_full_provenance" time="0.085" /><testcase classname="tests.test_first_pass_boundaries" name="test_auto_when_support_digest_is_invented_becomes_review" time="0.035" /><testcase classname="tests.test_first_pass_boundaries" name="test_multiface_when_only_one_subject_evaluated_sibling_stays_pending" time="0.080" /><testcase classname="tests.test_first_pass_boundaries" name="test_model_when_contradicted_by_human_records_demotion_without_mutation" time="0.048" /><testcase classname="tests.test_first_pass_boundaries" name="test_hypotheses_when_scores_differ_keep_separate_candidate_metrics" time="0.033" /><testcase classname="tests.test_first_pass_boundaries" name="test_policy_when_floor_lowered_or_unversioned_change_refuses[kwargs0]" time="0.001" /><testcase classname="tests.test_first_pass_boundaries" name="test_policy_when_floor_lowered_or_unversioned_change_refuses[kwargs1]" time="0.001" /><testcase classname="tests.test_first_pass_boundaries" name="test_policy_when_floor_lowered_or_unversioned_change_refuses[kwargs2]" time="0.001" /><testcase classname="tests.test_first_pass_boundaries" name="test_policy_when_floor_lowered_or_unversioned_change_refuses[kwargs3]" time="0.001" /><testcase classname="tests.test_first_pass_boundaries" name="test_audit_when_empty_strata_returns_no_items" time="0.001" /><testcase classname="tests.test_first_pass_boundaries" name="test_calibration_when_stricter_than_policy_controls_auto" time="0.001" /><testcase classname="tests.test_first_pass_boundaries" name="test_review_when_prior_contradiction_outlives_candidates_is_retained" time="0.046" /><testcase classname="tests.test_first_pass_execution" name="test_execution_when_committed_undo_and_repeat_restore_before_images" time="1.248" /><testcase classname="tests.test_first_pass_execution" name="test_undo_when_later_human_edit_preserves_it_and_reports_partial" time="1.203" /><testcase classname="tests.test_first_pass_execution" name="test_execution_when_authority_invalid_fails_closed[revoked]" time="1.133" /><testcase classname="tests.test_first_pass_execution" name="test_execution_when_authority_invalid_fails_closed[absent-measurement]" time="1.210" /><testcase classname="tests.test_first_pass_execution" name="test_execution_when_authority_invalid_fails_closed[stale-measurement]" time="1.078" /><testcase classname="tests.test_first_pass_execution" name="test_execution_when_authority_invalid_fails_closed[no-consent]" time="1.023" /><testcase classname="tests.test_first_pass_execution" name="test_inherit_only_when_previewed_has_zero_mutations" time="1.050" /><testcase classname="tests.test_first_pass_execution" name="test_cli_when_preview_execute_undo_and_revoked_error" time="4.190" /><testcase classname="tests.test_first_pass_execution" name="test_execution_when_auto_gates_pass_assigns_with_real_consent" time="1.095" /><testcase classname="tests.test_first_pass_execution" name="test_execution_when_audit_error_freezes_prepared_batch_and_offers_undo" time="1.064" /><testcase classname="tests.test_first_pass_execution" name="test_execution_when_preview_before_state_forged_is_rejected" time="1.070" /><testcase classname="tests.test_first_pass_policy" name="test_auto_when_exact_or_below_threshold[0.9-0.05-auto]" time="0.001" /><testcase classname="tests.test_first_pass_policy" name="test_auto_when_exact_or_below_threshold[0.899999-0.05-review]" time="0.002" /><testcase classname="tests.test_first_pass_policy" name="test_auto_when_exact_or_below_threshold[0.9-0.049999-review]" time="0.002" /><testcase classname="tests.test_first_pass_policy" name="test_143_high_score_2b_proposals_when_contradicted_all_review" time="0.018" /><testcase classname="tests.test_first_pass_policy" name="test_auto_when_prerequisite_missing_never_assigns[change0]" time="0.001" /><testcase classname="tests.test_first_pass_policy" name="test_auto_when_prerequisite_missing_never_assigns[change1]" time="0.001" /><testcase classname="tests.test_first_pass_policy" name="test_auto_when_prerequisite_missing_never_assigns[change2]" time="0.001" /><testcase classname="tests.test_first_pass_policy" name="test_auto_when_prerequisite_missing_never_assigns[change3]" time="0.001" /><testcase classname="tests.test_first_pass_policy" name="test_mode_when_recorded_disallows_auto[human-first-review]" time="0.001" /><testcase classname="tests.test_first_pass_policy" name="test_mode_when_recorded_disallows_auto[inherit-only-none]" time="0.001" /><testcase classname="tests.test_first_pass_policy" name="test_model_when_no_references_never_auto[0.35-none]" time="0.001" /><testcase classname="tests.test_first_pass_policy" name="test_model_when_no_references_never_auto[0.350001-review]" time="0.001" /><testcase classname="tests.test_first_pass_policy" name="test_model_when_no_references_never_auto[0.99-review]" time="0.001" /><testcase classname="tests.test_first_pass_policy" name="test_self_match_when_only_winner_support_is_query_is_review" time="0.001" /><testcase classname="tests.test_first_pass_policy" name="test_audit_when_strata_have_21_and_1_rows_samples_separately" time="0.001" /><testcase classname="tests.test_first_pass_policy" name="test_auto_when_visual_gate_fails_is_review[individual-disagrees]" time="0.001" /><testcase classname="tests.test_first_pass_policy" name="test_auto_when_visual_gate_fails_is_review[tied-leaders]" time="0.001" /><testcase classname="tests.test_first_pass_policy" name="test_auto_when_visual_gate_fails_is_review[self-crop]" time="0.001" /><testcase classname="tests.test_first_pass_policy" name="test_auto_when_visual_gate_fails_is_review[profile-invalid]" time="0.001" /><testcase classname="tests.test_first_pass_policy" name="test_auto_when_visual_gate_fails_is_review[one-identity]" time="0.001" /><testcase classname="tests.test_first_pass_policy" name="test_model_when_compact_runner_missing_uses_point35_lower_bound" time="0.001" /><testcase classname="tests.test_first_pass_policy" name="test_contradiction_when_independent_cosine_below_auto_still_demotes" time="0.001" /><testcase classname="tests.test_first_pass_policy" name="test_contradiction_when_tied_leaders_include_model_is_ambiguous_not_demoted" time="0.001" /><testcase classname="tests.test_first_pass_policy" name="test_unknown_when_no_candidate_is_normal_none_not_forced_identity" time="0.060" /><testcase classname="tests.test_first_pass_policy" name="test_calibration_when_binding_stale_is_review[profile]" time="0.001" /><testcase classname="tests.test_first_pass_policy" name="test_calibration_when_binding_stale_is_review[reference_digest]" time="0.001" /><testcase classname="tests.test_gallery_aliases" name="test_aliases_when_gallery_embeds_sidecar" time="0.023" /><testcase classname="tests.test_gallery_candidates" name="test_candidates_when_sidecar_exists" time="0.021" /><testcase classname="tests.test_gallery_candidates" name="test_candidates_when_image_binding_is_wrong" time="0.010" /><testcase classname="tests.test_gallery_candidates" name="test_picker_when_studio_lists_ranked_choices" time="0.002" /><testcase classname="tests.test_gallery_candidates" name="test_candidates_when_compact_payload_keeps_evidence" time="0.031" /><testcase classname="tests.test_gallery_candidates" name="test_candidates_v2_when_sources_and_memory_sidecars_exist" time="0.017" /><testcase classname="tests.test_gallery_candidates" name="test_picker_v2_surface_contains_sections_marks_and_memory_contract" time="0.002" /><testcase classname="tests.test_gallery_clusters" name="test_clusters_when_absent_remain_unavailable" time="0.005" /><testcase classname="tests.test_gallery_clusters" name="test_clusters_when_embedded_preserve_backend_outputs" time="0.013" /><testcase classname="tests.test_gallery_clusters" name="test_clusters_when_invalid_fail_closed[{]" time="0.006" /><testcase classname="tests.test_gallery_clusters" name="test_clusters_when_invalid_fail_closed[[]]" time="0.006" /><testcase classname="tests.test_gallery_clusters" name="test_clusters_when_invalid_fail_closed[{&quot;schema_version&quot;:&quot;future&quot;}]" time="0.007" /><testcase classname="tests.test_gallery_clusters" name="test_typed_name_when_exported_stages_exact_selected_subject[work]" time="0.088" /><testcase classname="tests.test_gallery_clusters" name="test_typed_name_when_exported_stages_exact_selected_subject[artist]" time="0.117" /><testcase classname="tests.test_gallery_clusters" name="test_typed_name_when_exported_stages_exact_selected_subject[original-series]" time="0.105" /><testcase classname="tests.test_gallery_clusters" name="test_typed_name_when_exported_stages_exact_selected_subject[character]" time="0.108" /><testcase classname="tests.test_gallery_clusters" name="test_typed_name_when_exported_stages_exact_selected_subject[ordinary-person]" time="0.114" /><testcase classname="tests.test_gallery_clusters" name="test_typed_name_when_exported_stages_exact_selected_subject[undetermined]" time="0.105" /><testcase classname="tests.test_gallery_clusters" name="test_structural_export_when_staged_preserves_all_accepted_relations[split]" time="0.112" /><testcase classname="tests.test_gallery_clusters" name="test_structural_export_when_staged_preserves_all_accepted_relations[merge]" time="0.132" /><testcase classname="tests.test_gallery_clusters" name="test_structural_export_when_staged_preserves_all_accepted_relations[outlier]" time="0.107" /><testcase classname="tests.test_gallery_clusters" name="test_structural_export_when_staged_preserves_all_accepted_relations[exclusion]" time="0.101" /><testcase classname="tests.test_gallery_clusters" name="test_merge_when_conflicts_unacknowledged_cannot_export" time="0.091" /><testcase classname="tests.test_gallery_clusters" name="test_promotion_when_selected_count_crosses_gate[9]" time="0.076" /><testcase classname="tests.test_gallery_clusters" name="test_promotion_when_selected_count_crosses_gate[10]" time="0.100" /><testcase classname="tests.test_gallery_clusters" name="test_real_browser_download_when_staged_matches_wire[keyboard-envelope.json]" time="0.005" /><testcase classname="tests.test_gallery_clusters" name="test_real_browser_download_when_staged_matches_wire[merge-envelope.json]" time="0.010" /><testcase classname="tests.test_gallery_clusters" name="test_real_browser_download_when_staged_matches_wire[split-envelope.json]" time="0.007" /><testcase classname="tests.test_gallery_clusters" name="test_real_browser_download_when_staged_matches_wire[outlier-envelope.json]" time="0.008" /><testcase classname="tests.test_gallery_clusters" name="test_real_browser_download_when_staged_matches_wire[exclusion-envelope.json]" time="0.007" /><testcase classname="tests.test_gallery_clusters" name="test_real_browser_promotion_when_staged_keeps_exact_selected_count" time="0.013" /><testcase classname="tests.test_gallery_face_renderer" name="test_overlay_entrypoint_has_one_definition[renderFaceOverlay]" time="0.010" /><testcase classname="tests.test_gallery_face_renderer" name="test_overlay_entrypoint_has_one_definition[faceOverlayRect]" time="0.010" /><testcase classname="tests.test_gallery_face_renderer" name="test_overlay_entrypoint_has_one_definition[applyZoom]" time="0.009" /><testcase classname="tests.test_gallery_face_renderer" name="test_overlay_entrypoint_has_one_definition[openFacePopover]" time="0.010" /><testcase classname="tests.test_gallery_face_renderer" name="test_renderer_uses_original_space_mapper_once" time="0.009" /><testcase classname="tests.test_gallery_face_renderer" name="test_portrait_original_maps_into_landscape_canvas[0.25-pan0]" time="0.001" /><testcase classname="tests.test_gallery_face_renderer" name="test_portrait_original_maps_into_landscape_canvas[0.5-pan1]" time="0.001" /><testcase classname="tests.test_gallery_face_renderer" name="test_portrait_original_maps_into_landscape_canvas[0.5-pan2]" time="0.001" /><testcase classname="tests.test_gallery_hps" name="test_gallery_hps_round_trip[5.251234567-0.031234567]" time="0.087" /><testcase classname="tests.test_gallery_hps" name="test_gallery_hps_round_trip[-]" time="0.072" /><testcase classname="tests.test_gallery_hps" name="test_gallery_hps_round_trip[0-0]" time="0.082" /><testcase classname="tests.test_gallery_hps" name="test_legacy_gallery_exposes_missing_hps" time="0.013" /><testcase classname="tests.test_gallery_hps" name="test_hps_invalid_numeric_rejected[hpsv3_mu]" time="0.013" /><testcase classname="tests.test_gallery_hps" name="test_hps_invalid_numeric_rejected[hpsv3_sigma]" time="0.013" /><testcase classname="tests.test_gallery_hps" name="test_hps_detail_and_inspector_dom[5.251234567]" time="0.119" /><testcase classname="tests.test_gallery_hps" name="test_hps_detail_and_inspector_dom[]" time="0.135" /><testcase classname="tests.test_gallery_negotiation" name="test_report_when_embedded_keeps_copy_and_bindings" time="0.020" /><testcase classname="tests.test_gallery_negotiation" name="test_report_when_absent_remains_explicitly_unavailable" time="0.007" /><testcase classname="tests.test_gallery_negotiation" name="test_report_when_invalid_fails_build_closed[{]" time="0.005" /><testcase classname="tests.test_gallery_negotiation" name="test_report_when_invalid_fails_build_closed[[]]" time="0.005" /><testcase classname="tests.test_gallery_negotiation" name="test_report_when_invalid_fails_build_closed[{&quot;schema_version&quot;:&quot;future&quot;}]" time="0.008" /><testcase classname="tests.test_gallery_negotiation" name="test_representatives_when_external_or_missing_are_not_embedded" time="0.007" /><testcase classname="tests.test_gallery_negotiation" name="test_copy_when_embedded_is_data_not_module_literals" time="0.003" /><testcase classname="tests.test_gallery_negotiation" name="test_module_when_parsed_has_valid_javascript[gallery_negotiation.js]" time="0.094" /><testcase classname="tests.test_gallery_negotiation" name="test_module_when_parsed_has_valid_javascript[gallery_negotiation_report.js]" time="0.098" /><testcase classname="tests.test_gallery_negotiation" name="test_browser_export_when_consumed_matches_exact_decision[all-human-first]" time="0.006" /><testcase classname="tests.test_gallery_negotiation" name="test_browser_export_when_consumed_matches_exact_decision[all-auto-first]" time="0.005" /><testcase classname="tests.test_gallery_negotiation" name="test_browser_export_when_consumed_matches_exact_decision[all-inherit-only]" time="0.004" /><testcase classname="tests.test_gallery_negotiation" name="test_browser_export_when_consumed_matches_exact_decision[selected-human-first]" time="0.003" /><testcase classname="tests.test_gallery_negotiation" name="test_browser_export_when_consumed_matches_exact_decision[selected-auto-first]" time="0.008" /><testcase classname="tests.test_gallery_negotiation" name="test_browser_export_when_consumed_matches_exact_decision[selected-inherit-only]" time="0.004" /><testcase classname="tests.test_gallery_negotiation" name="test_browser_export_when_consumed_matches_exact_decision[none-human-first]" time="0.005" /><testcase classname="tests.test_gallery_negotiation" name="test_browser_export_when_consumed_matches_exact_decision[none-auto-first]" time="0.005" /><testcase classname="tests.test_gallery_negotiation" name="test_browser_export_when_consumed_matches_exact_decision[none-inherit-only]" time="0.004" /><testcase classname="tests.test_gallery_negotiation" name="test_browser_exports_when_repeated_get_fresh_operation_ids" time="0.003" /><testcase classname="tests.test_gallery_payload" name="test_compact_payload_is_columnar_and_gzip_decodable" time="0.009" /><testcase classname="tests.test_gallery_payload" name="test_generated_gallery_contains_native_decoder_and_virtualization_contract" time="0.093" /><testcase classname="tests.test_gallery_payload" name="test_parse_args_accepts_generic_title_and_subtitle" time="0.004" /><testcase classname="tests.test_gallery_payload" name="test_load_identities_defaults_missing_fields_and_preserves_unknown_fields" time="0.012" /><testcase classname="tests.test_gallery_payload" name="test_build_payload_hides_identity_layer_when_artifact_is_absent" time="0.009" /><testcase classname="tests.test_gallery_payload" name="test_compact_payload_preserves_identity_unknown_fields" time="0.011" /><testcase classname="tests.test_gallery_payload" name="test_generated_gallery_contains_character_label_export_contract" time="0.083" /><testcase classname="tests.test_gallery_payload" name="test_load_character_grouping_normalizes_csv_and_preserves_unknown_fields" time="0.020" /><testcase classname="tests.test_gallery_payload" name="test_compact_payload_embeds_short_key_grouping_data" time="0.014" /><testcase classname="tests.test_gallery_payload" name="test_generated_gallery_contains_grouping_view_contract" time="0.090" /><testcase classname="tests.test_gallery_payload" name="test_build_payload_hides_grouping_when_artifact_is_absent" time="0.007" /><testcase classname="tests.test_hpsv3" name="test_columns_when_hpsv3_added" time="0.001" /><testcase classname="tests.test_hpsv3" name="test_consensus_when_five_scores_disagree" time="0.103" /><testcase classname="tests.test_hpsv3" name="test_uncertainty_when_native_sigma_present" time="0.096" /><testcase classname="tests.test_hpsv3" name="test_sigma_when_negative_rejected" time="0.001" /><testcase classname="tests.test_hpsv3" name="test_cluster_when_hpsv3_partially_scored" time="0.107" /><testcase classname="tests.test_hpsv3" name="test_uncertainty_when_hpsv3_constant" time="0.090" /><testcase classname="tests.test_hpsv3" name="test_gallery_when_hpsv3_columns_present" time="0.012" /><testcase classname="tests.test_identity" name="test_crop_when_repeated" time="0.012" /><testcase classname="tests.test_identity" name="test_cluster_when_separated_with_outlier" time="0.002" /><testcase classname="tests.test_identity" name="test_cluster_when_empty" time="0.001" /><testcase classname="tests.test_identity" name="test_contract_when_fixture_loaded" time="0.001" /><testcase classname="tests.test_identity" name="test_contract_when_nonfinite_rejected" time="0.001" /><testcase classname="tests.test_identity" name="test_labels_when_unknown_and_confirmed" time="0.066" /><testcase classname="tests.test_identity_admission" name="test_certificate_when_only_strict_diagnostic_fails" time="0.022" /><testcase classname="tests.test_identity_admission" name="test_reject_when_gate_fails_or_check_missing[case0]" time="0.004" /><testcase classname="tests.test_identity_admission" name="test_reject_when_gate_fails_or_check_missing[case1]" time="0.004" /><testcase classname="tests.test_identity_admission" name="test_reject_when_gate_fails_or_check_missing[case2]" time="0.004" /><testcase classname="tests.test_identity_admission" name="test_reject_when_gate_fails_or_check_missing[case3]" time="0.004" /><testcase classname="tests.test_identity_admission" name="test_reject_when_gate_fails_or_check_missing[case4]" time="0.004" /><testcase classname="tests.test_identity_admission" name="test_reject_when_gate_fails_or_check_missing[case5]" time="0.004" /><testcase classname="tests.test_identity_admission" name="test_reject_when_gate_fails_or_check_missing[case6]" time="0.006" /><testcase classname="tests.test_identity_admission" name="test_reject_when_gate_fails_or_check_missing[case7]" time="0.004" /><testcase classname="tests.test_identity_admission" name="test_reject_when_gate_fails_or_check_missing[case8]" time="0.004" /><testcase classname="tests.test_identity_admission" name="test_reject_when_gate_fails_or_check_missing[case9]" time="0.004" /><testcase classname="tests.test_identity_admission" name="test_reject_when_batch_or_storage_fails[batch_vs_serial]" time="0.004" /><testcase classname="tests.test_identity_admission" name="test_reject_when_batch_or_storage_fails[stored_fp16]" time="0.004" /><testcase classname="tests.test_identity_admission" name="test_reject_when_profile_is_not_adr_profile[profile0]" time="0.004" /><testcase classname="tests.test_identity_admission" name="test_reject_when_profile_is_not_adr_profile[profile1]" time="0.005" /><testcase classname="tests.test_identity_admission" name="test_reject_when_profile_is_not_adr_profile[profile2]" time="0.005" /><testcase classname="tests.test_identity_admission" name="test_reject_when_batch_evidence_missing" time="0.004" /><testcase classname="tests.test_identity_admission" name="test_budget_when_primary_tolerance_is_relaxed" time="0.001" /><testcase classname="tests.test_identity_candidates" name="test_top_five_when_six_characters_compete" time="0.006" /><testcase classname="tests.test_identity_candidates" name="test_ranking_when_support_is_limited[0]" time="0.001" /><testcase classname="tests.test_identity_candidates" name="test_ranking_when_support_is_limited[1]" time="0.001" /><testcase classname="tests.test_identity_candidates" name="test_ranking_when_support_is_limited[4]" time="0.001" /><testcase classname="tests.test_identity_candidates" name="test_abstention_when_individual_anchor_disagrees" time="0.001" /><testcase classname="tests.test_identity_candidates" name="test_attributes_when_future_evidence_is_present" time="0.001" /><testcase classname="tests.test_identity_candidates" name="test_contract_when_invalid_evidence[score-nan]" time="0.001" /><testcase classname="tests.test_identity_candidates" name="test_contract_when_invalid_evidence[source-invented]" time="0.001" /><testcase classname="tests.test_identity_candidates" name="test_face_record_when_suggestion_is_not_top" time="0.001" /><testcase classname="tests.test_identity_edges" name="test_detection_when_no_faces" time="0.086" /><testcase classname="tests.test_identity_edges" name="test_detection_when_source_missing" time="0.081" /><testcase classname="tests.test_identity_edges" name="test_detection_when_source_mutated" time="0.052" /><testcase classname="tests.test_identity_edges" name="test_detection_when_profile_changed" time="0.106" /><testcase classname="tests.test_identity_edges" name="test_labels_when_corpus_mismatch" time="0.086" /><testcase classname="tests.test_identity_edges" name="test_labels_when_unknown_on_empty_corpus" time="0.119" /><testcase classname="tests.test_identity_edges" name="test_clustering_when_dense_groups[hdbscan]" time="0.004" /><testcase classname="tests.test_identity_edges" name="test_clustering_when_dense_groups[chinese_whispers]" time="0.002" /><testcase classname="tests.test_identity_edges" name="test_cli_when_identity_help" time="0.884" /><testcase classname="tests.test_identity_edges" name="test_snapshot_when_legacy_cache_contains_exact_revision" time="0.017" /><testcase classname="tests.test_identity_edges" name="test_snapshot_when_revision_absent" time="0.009" /><testcase classname="tests.test_identity_grouping" name="test_grouping_options_when_defaults_requested" time="0.001" /><testcase classname="tests.test_identity_grouping" name="test_assignment_when_thresholds_applied[query0-0.9-0.1-A]" time="0.002" /><testcase classname="tests.test_identity_grouping" name="test_assignment_when_thresholds_applied[query1-0.9-0.1-B]" time="0.002" /><testcase classname="tests.test_identity_grouping" name="test_assignment_when_thresholds_applied[query2-0.9-0.1-None]" time="0.002" /><testcase classname="tests.test_identity_grouping" name="test_assignment_when_thresholds_applied[query3-0.5-0.01-None]" time="0.002" /><testcase classname="tests.test_identity_grouping" name="test_assignment_when_thresholds_applied[query4-1.0-1.0-A]" time="0.003" /><testcase classname="tests.test_identity_grouping" name="test_assignment_when_only_one_character" time="0.002" /><testcase classname="tests.test_identity_grouping" name="test_visual_input_when_file_renamed_and_moved" time="0.018" /><testcase classname="tests.test_identity_grouping" name="test_sampling_when_duplicate_and_low_score" time="0.001" /><testcase classname="tests.test_identity_grouping" name="test_sampling_when_cap_reached" time="0.001" /><testcase classname="tests.test_identity_grouping" name="test_assignment_when_individual_anchor_disagrees" time="0.001" /><testcase classname="tests.test_identity_grouping" name="test_self_reference_when_crop_is_identical" time="0.002" /><testcase classname="tests.test_identity_grouping" name="test_calibration_when_reference_distributions_measured" time="0.003" /><testcase classname="tests.test_identity_grouping" name="test_sampling_when_directories_excluded" time="0.022" /><testcase classname="tests.test_identity_grouping_exports" name="test_exports_when_image_has_multiple_characters" time="0.135" /><testcase classname="tests.test_identity_grouping_exports" name="test_integrity_when_anchor_matrix_corrupted" time="0.048" /><testcase classname="tests.test_identity_grouping_exports" name="test_confirmations_when_replayed_and_retracted" time="0.182" /><testcase classname="tests.test_identity_grouping_exports" name="test_cli_when_grouping_saved_vectors" time="2.445" /><testcase classname="tests.test_identity_grouping_exports" name="test_profile_when_execution_mismatched" time="0.056" /><testcase classname="tests.test_identity_grouping_exports" name="test_labels_when_conflicting_crop_names" time="0.045" /><testcase classname="tests.test_identity_grouping_exports" name="test_export_when_threshold_override_abstains" time="0.113" /><testcase classname="tests.test_identity_grouping_exports" name="test_candidates_when_grouping_writes_sidecar" time="0.128" /><testcase classname="tests.test_identity_grouping_exports" name="test_labels_when_other_and_new_names_apply" time="0.096" /><testcase classname="tests.test_identity_grouping_exports" name="test_export_when_query_names_are_misleading" time="0.123" /><testcase classname="tests.test_identity_profiles" name="test_options_when_execution_profile_requested" time="0.001" /><testcase classname="tests.test_identity_profiles" name="test_detection_when_only_execution_changes" time="0.100" /><testcase classname="tests.test_identity_profiles" name="test_loo_when_member_scores_own_cluster" time="0.002" /><testcase classname="tests.test_identity_profiles" name="test_loo_when_singleton_or_zero_sum" time="0.001" /><testcase classname="tests.test_identity_profiles" name="test_namespace_when_execution_or_model_changes" time="0.001" /><testcase classname="tests.test_identity_profiles" name="test_auto_when_cuda_is_uncertified" time="2.579" /><testcase classname="tests.test_identity_profiles" name="test_cuda_when_unavailable" time="0.011" /><testcase classname="tests.test_identity_profiles" name="test_auto_when_certificate_matches" time="0.063" /><testcase classname="tests.test_identity_profiles" name="test_embedding_when_partial_cache_and_ragged_batch" time="0.270" /><testcase classname="tests.test_identity_profiles" name="test_apply_when_confirmed_cluster_changes_target" time="0.199" /><testcase classname="tests.test_identity_v2_memory" name="test_merge_when_sources_share_name" time="0.001" /><testcase classname="tests.test_identity_v2_memory" name="test_zero_reference_when_emitting" time="0.068" /><testcase classname="tests.test_identity_v2_memory" name="test_mark_when_journal_round_trips[baseline]" time="0.108" /><testcase classname="tests.test_identity_v2_memory" name="test_mark_when_journal_round_trips[variant]" time="0.118" /><testcase classname="tests.test_identity_v2_memory" name="test_curation_when_merging_reassigns_visual_memory" time="0.345" /><testcase classname="tests.test_identity_v2_memory" name="test_mark_when_invalid_rejected[invalid]" time="0.002" /><testcase classname="tests.test_identity_v2_memory" name="test_mark_when_invalid_rejected[3]" time="0.002" /><testcase classname="tests.test_identity_v2_memory" name="test_rename_when_visual_support_exists" time="0.228" /><testcase classname="tests.test_identity_v2_memory" name="test_delete_when_assigned" time="0.241" /><testcase classname="tests.test_identity_v2_memory" name="test_export_import_when_same_corpus" time="0.257" /><testcase classname="tests.test_identity_v2_memory" name="test_import_when_foreign_faces_rejected" time="0.109" /><testcase classname="tests.test_identity_v2_memory" name="test_mark_only_when_assignment_unchanged" time="0.234" /><testcase classname="tests.test_identity_v2_memory" name="test_memory_similarity_when_saved_vector_matches" time="0.155" /><testcase classname="tests.test_identity_v2_memory" name="test_v2_when_invalid_score[nan]" time="0.001" /><testcase classname="tests.test_identity_v2_memory" name="test_v2_when_invalid_score[inf]" time="0.001" /><testcase classname="tests.test_identity_v2_memory" name="test_v2_when_invalid_score[1.1]" time="0.001" /><testcase classname="tests.test_identity_v2_memory" name="test_v2_when_bucket_missing" time="0.001" /><testcase classname="tests.test_identity_v2_memory" name="test_cli_when_memory_rename_requested" time="1.445" /><testcase classname="tests.test_ingest" name="test_full_run_when_sources_are_read_only" time="0.812" /><testcase classname="tests.test_ingest" name="test_replay_when_content_unchanged_does_no_stage_work" time="0.980" /><testcase classname="tests.test_ingest" name="test_delta_when_added_content_scans_only_new_unique_image" time="1.960" /><testcase classname="tests.test_ingest" name="test_resume_when_interrupted_keeps_valid_scan_commits" time="1.151" /><testcase classname="tests.test_ingest" name="test_delta_when_renamed_changed_deleted_preserves_old_revision" time="2.073" /><testcase classname="tests.test_ingest" name="test_admission_when_output_overlaps_source_refuses_before_writes" time="0.019" /><testcase classname="tests.test_ingest" name="test_admission_when_quota_exhausted_does_not_scan" time="0.014" /><testcase classname="tests.test_ingest" name="test_retained_bytes_when_temp_file_vanishes_still_counts_the_rest" time="0.007" /><testcase classname="tests.test_ingest" name="test_pause_when_requested_saves_exact_checkpoint" time="0.390" /><testcase classname="tests.test_ingest" name="test_changed_profile_when_replayed_invalidates_analysis_not_scan" time="1.583" /><testcase classname="tests.test_ingest_controls" name="test_pause_ack_when_clock_advances_one_tick" time="0.024" /><testcase classname="tests.test_ingest_controls" name="test_disk_full_when_reserve_unavailable_stops_before_stage" time="0.016" /><testcase classname="tests.test_ingest_controls" name="test_revoked_root_when_resumed_is_not_reported_complete" time="0.011" /><testcase classname="tests.test_ingest_inference" name="test_incremental_inference_when_new_image_and_duplicate_added" time="19.141" /><testcase classname="tests.test_ingest_process" name="test_background_when_client_exits_owner_finishes" time="9.340" /><testcase classname="tests.test_ingest_process" name="test_stage_when_deadline_expires_is_not_success" time="0.052" /><testcase classname="tests.test_ingest_process" name="test_single_writer_when_another_owner_active_refuses" time="0.016" /><testcase classname="tests.test_ingest_recovery" name="test_resume_when_cut_after_each_stage[scan]" time="2.659" /><testcase classname="tests.test_ingest_recovery" name="test_resume_when_cut_after_each_stage[detect]" time="2.469" /><testcase classname="tests.test_ingest_recovery" name="test_resume_when_cut_after_each_stage[embed]" time="2.644" /><testcase classname="tests.test_ingest_recovery" name="test_resume_when_cut_after_each_stage[cluster]" time="2.798" /><testcase classname="tests.test_ingest_recovery" name="test_resume_when_cut_after_each_stage[anchors]" time="3.062" /><testcase classname="tests.test_ingest_recovery" name="test_resume_when_cut_after_each_stage[group]" time="3.042" /><testcase classname="tests.test_ingest_recovery" name="test_resume_when_cut_after_each_stage[tag]" time="3.175" /><testcase classname="tests.test_ingest_recovery" name="test_resume_when_cut_after_each_stage[candidates]" time="2.837" /><testcase classname="tests.test_ingest_recovery" name="test_resume_when_frozen_source_access_revoked_fails_closed" time="0.439" /><testcase classname="tests.test_ingest_recovery" name="test_replay_when_committed_payload_corrupted_refuses" time="1.042" /><testcase classname="tests.test_ingest_recovery" name="test_cancel_when_scan_settles_retains_committed_artifacts" time="0.399" /><testcase classname="tests.test_ingest_recovery" name="test_source_write_interception_when_stage_attempts_mutation[write]" time="0.018" /><testcase classname="tests.test_ingest_recovery" name="test_source_write_interception_when_stage_attempts_mutation[rename]" time="0.018" /><testcase classname="tests.test_ingest_recovery" name="test_source_write_interception_when_stage_attempts_mutation[unlink]" time="0.018" /><testcase classname="tests.test_ingest_recovery" name="test_source_write_interception_when_stage_attempts_mutation[metadata]" time="0.020" /><testcase classname="tests.test_ingest_recovery" name="test_decode_failure_when_invalid_image_is_accounted_without_retry" time="1.217" /><testcase classname="tests.test_ingest_recovery" name="test_content_change_when_size_and_mtime_unchanged_is_detected" time="2.051" /><testcase classname="tests.test_ingest_recovery" name="test_paused_snapshot_when_new_file_added_defers_new_member" time="1.247" /><testcase classname="tests.test_ingest_recovery" name="test_failed_action_when_exception_is_metered" time="0.216" /><testcase classname="tests.test_ingest_recovery" name="test_scan_profile_change_when_cached_invalidates_scan" time="1.094" /><testcase classname="tests.test_ingest_recovery" name="test_resume_when_ingest_barrier_payload_changed_refuses" time="0.781" /><testcase classname="tests.test_ingest_state" name="test_future_stage_is_explicitly_guarded[FIRST-PASS]" time="0.002" /><testcase classname="tests.test_ingest_state" name="test_future_stage_is_explicitly_guarded[REVIEW]" time="0.002" /><testcase classname="tests.test_ingest_state" name="test_future_stage_is_explicitly_guarded[ARCHIVE]" time="0.002" /><testcase classname="tests.test_ingest_state" name="test_transition_when_valid[IDLE-INGEST]" time="0.002" /><testcase classname="tests.test_ingest_state" name="test_transition_when_valid[INGEST-ANALYZE]" time="0.002" /><testcase classname="tests.test_ingest_state" name="test_transition_when_valid[ANALYZE-PROPOSE]" time="0.002" /><testcase classname="tests.test_ingest_state" name="test_transition_when_valid[PROPOSE-INGEST]" time="0.002" /><testcase classname="tests.test_ingest_state" name="test_transition_when_valid[PROPOSE-CONFIRM]" time="0.002" /><testcase classname="tests.test_ingest_state" name="test_transition_when_stage_is_skipped" time="0.001" /><testcase classname="tests.test_model_refusal" name="test_siglip_refuses_substitution[OSError]" time="0.051" /><testcase classname="tests.test_model_refusal" name="test_siglip_refuses_substitution[RuntimeError]" time="0.049" /><testcase classname="tests.test_model_refusal" name="test_siglip_refuses_substitution[ValueError]" time="0.047" /><testcase classname="tests.test_model_refusal" name="test_siglip_success_clears_previous_failure" time="0.056" /><testcase classname="tests.test_model_suggestions" name="test_gate_when_scores_compete[scores0-True-0.2]" time="0.004" /><testcase classname="tests.test_model_suggestions" name="test_gate_when_scores_compete[scores1-False-None]" time="0.004" /><testcase classname="tests.test_model_suggestions" name="test_gate_when_scores_compete[scores2-False-None]" time="0.003" /><testcase classname="tests.test_model_suggestions" name="test_gate_when_scores_compete[scores3-False-None]" time="0.003" /><testcase classname="tests.test_model_suggestions" name="test_gate_when_scores_compete[scores4-True-0.64]" time="0.004" /><testcase classname="tests.test_model_suggestions" name="test_gate_when_scores_compete[scores5-False-None]" time="0.005" /><testcase classname="tests.test_model_suggestions" name="test_disagreement_when_visual_evidence_exists[other-0.9-True]" time="0.004" /><testcase classname="tests.test_model_suggestions" name="test_disagreement_when_visual_evidence_exists[hero-0.9-False]" time="0.004" /><testcase classname="tests.test_model_suggestions" name="test_disagreement_when_visual_evidence_exists[other-0.35-False]" time="0.004" /><testcase classname="tests.test_model_suggestions" name="test_v2_when_read_by_new_schema" time="0.002" /><testcase classname="tests.test_model_suggestions" name="test_pipeline_when_wd_has_confident_unknown[False]" time="0.094" /><testcase classname="tests.test_model_suggestions" name="test_pipeline_when_wd_has_confident_unknown[True]" time="0.090" /><testcase classname="tests.test_negotiation_adr" name="test_authorize_when_snapshot_advanced_without_new_consent_fails_closed" time="2.438" /><testcase classname="tests.test_negotiation_adr" name="test_authorize_when_path_is_not_a_frozen_member_fails_closed" time="1.160" /><testcase classname="tests.test_negotiation_adr" name="test_retract_when_report_artifact_is_gone_still_removes_authority" time="1.184" /><testcase classname="tests.test_negotiation_adr" name="test_retract_when_already_stale_never_resurrects_on_resume" time="1.270" /><testcase classname="tests.test_negotiation_adr" name="test_consent_when_granted_never_authorizes_context_or_mapping" time="1.356" /><testcase classname="tests.test_negotiation_adr" name="test_report_when_evidence_is_missing_reports_unavailable_never_defaulted" time="1.150" /><testcase classname="tests.test_negotiation_adr" name="test_prepare_when_labels_are_not_snapshot_bound_refuses" time="1.240" /><testcase classname="tests.test_negotiation_adr" name="test_prepare_when_label_is_unattributed_refuses" time="1.057" /><testcase classname="tests.test_negotiation_adr" name="test_reprepare_when_receipt_active_never_silently_supersedes_it" time="1.051" /><testcase classname="tests.test_negotiation_adr" name="test_current_when_report_file_is_missing_fails_closed" time="1.002" /><testcase classname="tests.test_negotiation_adr" name="test_confirm_when_receipt_replaces_revoked_one_needs_a_new_operation" time="1.115" /><testcase classname="tests.test_negotiation_cli" name="test_cli_when_negotiate_runs_prints_the_report" time="1.570" /><testcase classname="tests.test_negotiation_cli" name="test_cli_when_confirm_and_retract_run_updates_the_job" time="1.620" /><testcase classname="tests.test_negotiation_cli" name="test_cli_when_dismissed_stays_waiting_then_can_still_confirm" time="1.802" /><testcase classname="tests.test_negotiation_cli" name="test_cli_when_confirm_has_no_decision_refuses" time="1.541" /><testcase classname="tests.test_negotiation_cli" name="test_cli_when_inventory_only_run_records_initial_intent" time="7.715" /><testcase classname="tests.test_negotiation_clusters" name="test_clusters_when_nine_distinct_images_is_ineligible" time="0.003" /><testcase classname="tests.test_negotiation_clusters" name="test_clusters_when_ten_identical_images_is_exactly_eligible" time="0.003" /><testcase classname="tests.test_negotiation_clusters" name="test_clusters_when_two_far_groups_fail_median_and_p10" time="0.003" /><testcase classname="tests.test_negotiation_clusters" name="test_clusters_when_one_vector_is_invalid_reports_missingness" time="0.003" /><testcase classname="tests.test_negotiation_clusters" name="test_clusters_when_profile_is_absent_is_ineligible" time="0.003" /><testcase classname="tests.test_negotiation_clusters" name="test_clusters_when_face_is_absent_from_the_snapshot_refuses" time="0.001" /><testcase classname="tests.test_negotiation_clusters" name="test_representative_indices_when_replayed_are_exact_and_capped" time="0.005" /><testcase classname="tests.test_negotiation_clusters" name="test_representative_indices_when_vectors_are_invalid_uses_sorted_hashes" time="0.002" /><testcase classname="tests.test_negotiation_consent" name="test_consent_when_explicit_combination_is_durable[all-human-first]" time="1.146" /><testcase classname="tests.test_negotiation_consent" name="test_consent_when_explicit_combination_is_durable[all-auto-first]" time="1.159" /><testcase classname="tests.test_negotiation_consent" name="test_consent_when_explicit_combination_is_durable[all-inherit-only]" time="1.146" /><testcase classname="tests.test_negotiation_consent" name="test_consent_when_explicit_combination_is_durable[selected-human-first]" time="1.168" /><testcase classname="tests.test_negotiation_consent" name="test_consent_when_explicit_combination_is_durable[selected-auto-first]" time="1.206" /><testcase classname="tests.test_negotiation_consent" name="test_consent_when_explicit_combination_is_durable[selected-inherit-only]" time="1.204" /><testcase classname="tests.test_negotiation_consent" name="test_consent_when_explicit_combination_is_durable[none-human-first]" time="1.086" /><testcase classname="tests.test_negotiation_consent" name="test_consent_when_explicit_combination_is_durable[none-auto-first]" time="0.973" /><testcase classname="tests.test_negotiation_consent" name="test_consent_when_explicit_combination_is_durable[none-inherit-only]" time="0.926" /><testcase classname="tests.test_negotiation_consent" name="test_consent_when_stale_report_fails_closed" time="0.952" /><testcase classname="tests.test_negotiation_consent" name="test_consent_when_no_decision_remains_waiting" time="1.089" /><testcase classname="tests.test_negotiation_consent" name="test_consent_when_new_member_is_consumed_refuses" time="0.939" /><testcase classname="tests.test_negotiation_consent" name="test_consent_when_frozen_source_mutated_fails_closed" time="0.900" /><testcase classname="tests.test_negotiation_consent" name="test_retraction_when_restarted_leaves_only_inactive_history" time="0.970" /><testcase classname="tests.test_negotiation_consent" name="test_report_when_unsealed_sidecar_added_never_consumes_it" time="0.874" /><testcase classname="tests.test_negotiation_consent" name="test_report_when_sealed_artifact_tampered_refuses" time="0.857" /><testcase classname="tests.test_negotiation_copy" name="test_copy_when_compared_to_the_spec_table_is_exact" time="0.001" /><testcase classname="tests.test_negotiation_copy" name="test_choices_when_rendered_bind_required_labels_and_defaults" time="0.002" /><testcase classname="tests.test_negotiation_copy" name="test_choice_consequences_when_rendered_carry_the_spec_tokens" time="0.002" /><testcase classname="tests.test_negotiation_copy" name="test_report_text_when_rendered_has_no_unresolved_placeholders" time="0.882" /><testcase classname="tests.test_negotiation_copy" name="test_report_when_measured_copy_stays_bound_to_the_report_numbers" time="0.982" /><testcase classname="tests.test_negotiation_copy" name="test_example_fixture_when_validated_is_self_consistent" time="0.005" /><testcase classname="tests.test_negotiation_flow" name="test_transition_when_future_stage_requested_stays_guarded[FIRST-PASS]" time="0.003" /><testcase classname="tests.test_negotiation_flow" name="test_transition_when_future_stage_requested_stays_guarded[REVIEW]" time="0.003" /><testcase classname="tests.test_negotiation_flow" name="test_transition_when_future_stage_requested_stays_guarded[ARCHIVE]" time="0.003" /><testcase classname="tests.test_negotiation_flow" name="test_transition_when_confirm_follows_propose_is_supported" time="0.002" /><testcase classname="tests.test_negotiation_flow" name="test_transition_when_confirm_skips_propose_is_refused" time="0.003" /><testcase classname="tests.test_negotiation_flow" name="test_confirm_when_limitations_unacknowledged_refuses" time="1.164" /><testcase classname="tests.test_negotiation_flow" name="test_confirm_when_threshold_override_attempted_refuses" time="0.952" /><testcase classname="tests.test_negotiation_flow" name="test_confirm_when_duplicate_directory_selected_refuses" time="1.085" /><testcase classname="tests.test_negotiation_flow" name="test_confirm_when_all_inheritance_omits_a_directory_refuses" time="1.054" /><testcase classname="tests.test_negotiation_flow" name="test_confirm_when_none_inheritance_carries_folders_refuses" time="1.080" /><testcase classname="tests.test_negotiation_flow" name="test_confirm_when_inherit_only_plus_none_is_browse_only" time="0.975" /><testcase classname="tests.test_negotiation_flow" name="test_dismiss_when_no_response_never_grants_consent" time="0.910" /><testcase classname="tests.test_negotiation_flow" name="test_dismiss_when_consent_active_requires_explicit_retraction" time="0.944" /><testcase classname="tests.test_negotiation_flow" name="test_confirm_when_second_choice_arrives_while_active_refuses" time="1.046" /><testcase classname="tests.test_negotiation_flow" name="test_confirm_when_operation_id_reused_with_other_decision_refuses" time="1.071" /><testcase classname="tests.test_negotiation_flow" name="test_confirm_when_decision_is_replayed_returns_the_same_receipt" time="1.040" /><testcase classname="tests.test_negotiation_flow" name="test_authorize_when_member_consented_returns_intent_only" time="1.097" /><testcase classname="tests.test_negotiation_flow" name="test_prepare_when_reopened_keeps_one_report_and_zero_receipts" time="1.068" /><testcase classname="tests.test_negotiation_folders" name="test_measure_when_population_is_a_census_has_no_interval" time="0.002" /><testcase classname="tests.test_negotiation_folders" name="test_measure_when_sample_is_smaller_than_population_uses_wilson" time="0.004" /><testcase classname="tests.test_negotiation_folders" name="test_measure_when_labels_are_absent_reports_unavailable_never_zero" time="0.002" /><testcase classname="tests.test_negotiation_folders" name="test_measure_when_unresolved_labels_exist_keeps_them_in_the_denominator" time="0.002" /><testcase classname="tests.test_negotiation_folders" name="test_measure_when_identity_prior_qualifies_requires_30_labels_and_lower_bound" time="0.004" /><testcase classname="tests.test_negotiation_folders" name="test_measure_when_identity_labels_are_below_thirty_is_not_admitted" time="0.005" /><testcase classname="tests.test_negotiation_folders" name="test_measure_when_target_is_an_artist_keeps_proxy_and_agreement_unavailable" time="0.004" /><testcase classname="tests.test_negotiation_folders" name="test_measure_when_folder_is_renamed_changes_no_measured_value" time="0.003" /><testcase classname="tests.test_negotiation_folders" name="test_measure_when_one_face_cluster_dominates_passes_session_set" time="0.002" /><testcase classname="tests.test_negotiation_folders" name="test_measure_when_detection_is_missing_leaves_dependent_regimes_unavailable" time="0.005" /><testcase classname="tests.test_negotiation_folders" name="test_measure_when_artist_labels_span_entities_passes_artist_portfolio" time="0.004" /><testcase classname="tests.test_negotiation_folders" name="test_proportion_when_evidence_is_missing_is_unavailable_not_zero" time="0.002" /><testcase classname="tests.test_negotiation_metrics" name="test_confirm_when_proposal_ready_is_a_supported_transition" time="0.001" /><testcase classname="tests.test_negotiation_metrics" name="test_coherence_when_identical_vectors_uses_nonself[0-None]" time="0.003" /><testcase classname="tests.test_negotiation_metrics" name="test_coherence_when_identical_vectors_uses_nonself[1-None]" time="0.005" /><testcase classname="tests.test_negotiation_metrics" name="test_coherence_when_identical_vectors_uses_nonself[29-1.0]" time="0.005" /><testcase classname="tests.test_negotiation_metrics" name="test_coherence_when_identical_vectors_uses_nonself[30-1.0]" time="0.005" /><testcase classname="tests.test_negotiation_metrics" name="test_coherence_when_identical_vectors_uses_nonself[100-1.0]" time="0.004" /><testcase classname="tests.test_negotiation_metrics" name="test_coherence_when_invalid_vectors_preserves_missingness" time="0.002" /><testcase classname="tests.test_negotiation_metrics" name="test_wilson_when_all_thirty_positive_matches_independent_golden" time="0.001" /><testcase classname="tests.test_negotiation_metrics" name="test_proportion_when_census_has_no_population_interval" time="0.001" /><testcase classname="tests.test_negotiation_metrics" name="test_regime_when_boundary_features_are_measured[0.9-0.8-1-0.0-expected0]" time="0.003" /><testcase classname="tests.test_negotiation_metrics" name="test_regime_when_boundary_features_are_measured[0.79-0.49-3-0.1-expected1]" time="0.005" /><testcase classname="tests.test_negotiation_metrics" name="test_regime_when_boundary_features_are_measured[0.85-0.79-2-0.5-expected2]" time="0.004" /><testcase classname="tests.test_negotiation_metrics" name="test_regime_when_boundary_features_are_measured[0.8-0.5-3-0.49-expected3]" time="0.004" /><testcase classname="tests.test_negotiation_metrics" name="test_regime_when_boundary_features_are_measured[None-None-None-None-expected4]" time="0.004" /><testcase classname="tests.test_negotiation_metrics" name="test_regime_when_artist_evidence_overlaps_returns_ambiguous" time="0.001" /><testcase classname="tests.test_pipeline" name="test_parallel_scan_matches_serial" time="0.364" /><testcase classname="tests.test_pipeline" name="test_previews_dimensions_metadata_skip_and_duplicates" time="0.242" /><testcase classname="tests.test_pipeline" name="test_prefetch_bound_order_and_overlap" time="0.011" /><testcase classname="tests.test_pipeline" name="test_prefetch_propagates_error" time="0.012" /><testcase classname="tests.test_pipeline" name="test_decode_retries_strictly" time="0.022" /><testcase classname="tests.test_pipeline" name="test_scan_records_thumbnail_decode_rejection" time="0.113" /><testcase classname="tests.test_pipeline" name="test_inference_parallel_values_match" time="0.535" /><testcase classname="tests.test_pipeline" name="test_parallel_verified_copy_equivalence" time="0.153" /><testcase classname="tests.test_pipeline_edges" name="test_fallback_preserves_pixels_and_excludes_metadata" time="0.012" /><testcase classname="tests.test_pipeline_edges" name="test_persistent_corruption_is_rejected" time="0.012" /><testcase classname="tests.test_pipeline_edges" name="test_prefetch_early_exit_does_not_exhaust_source" time="0.006" /><testcase classname="tests.test_pipeline_edges" name="test_copy_wave_is_parallel_and_matches_serial" time="0.050" /><testcase classname="tests.test_pipeline_edges" name="test_copy_wave_preserves_sources_on_mismatch" time="0.044" /><testcase classname="tests.test_signal_degradation" name="test_missing_scorer_cannot_promote_queue[aes_v25]" time="0.146" /><testcase classname="tests.test_signal_degradation" name="test_missing_scorer_cannot_promote_queue[topiq_iaa]" time="0.160" /><testcase classname="tests.test_signal_degradation" name="test_missing_scorer_cannot_promote_queue[topiq_nr]" time="0.153" /><testcase classname="tests.test_signal_degradation" name="test_missing_scorer_cannot_promote_queue[qrealign]" time="0.153" /><testcase classname="tests.test_signal_degradation" name="test_default_roster_requires_absent_hps" time="0.090" /><testcase classname="tests.test_signal_degradation" name="test_missing_gate_abstains[nsfw_prob]" time="0.108" /><testcase classname="tests.test_signal_degradation" name="test_missing_gate_abstains[identity_sim]" time="0.099" /><testcase classname="tests.test_signal_degradation" name="test_no_quality_values_abstains_without_zero_imputation" time="0.093" /><testcase classname="tests.test_signal_degradation" name="test_missing_hps_output_invalidates_quality_population[hpsv3_mu]" time="0.096" /><testcase classname="tests.test_signal_degradation" name="test_missing_hps_output_invalidates_quality_population[hpsv3_sigma]" time="0.105" /><testcase classname="tests.test_signal_degradation" name="test_conflicting_completion_grid_abstains" time="0.290" /><testcase classname="tests.test_signal_degradation" name="test_rescored_cohort_clears_unavailability" time="0.152" /><testcase classname="tests.test_signal_degradation" name="test_missing_quality_preserves_safety_assessment_route" time="0.091" /><testcase classname="tests.test_wd_cache_layers" name="test_schema_only_change_when_optional_field_added_then_zero_new_inferences" time="0.220" /><testcase classname="tests.test_wd_cache_layers" name="test_model_change_when_weights_change_then_all_crops_reinferred" time="0.179" /><testcase classname="tests.test_wd_cache_layers" name="test_preprocess_change_when_profile_changes_then_all_crops_reinferred" time="0.171" /><testcase classname="tests.test_wd_cache_layers" name="test_raw_cache_when_written_then_scores_reload_without_inference" time="0.148" /><testcase classname="tests.test_wd_cache_layers" name="test_saved_document_when_written_then_raw_vectors_not_persisted" time="0.102" /><testcase classname="tests.test_wd_cache_layers" name="test_produced_evidence_when_inferred_then_byte_identical_to_pre_refactor" time="0.099" /><testcase classname="tests.test_wd_cache_layers" name="test_legacy_cache_when_compatible_then_reused_without_inference" time="0.099" /><testcase classname="tests.test_wd_cache_layers" name="test_legacy_cache_when_provider_duplicates_then_clear_match_reused" time="0.179" /><testcase classname="tests.test_wd_cache_layers" name="test_legacy_cache_when_model_changed_then_declared_invalidated_and_reinferred" time="0.162" /><testcase classname="tests.test_wd_cache_layers" name="test_legacy_cache_when_ambiguous_evidence_then_declared_invalidated_and_reinferred" time="0.201" /><testcase classname="tests.test_wd_cache_layers" name="test_new_cache_when_payload_digest_mismatch_then_fails_closed" time="0.114" /><testcase classname="tests.test_wd_cache_layers" name="test_legacy_entry_when_key_field_mismatches_filename_then_fails_closed" time="0.067" /><testcase classname="tests.test_wd_cache_layers" name="test_projection_when_random_scores_then_byte_identical_to_pre_refactor" time="0.004" /><testcase classname="tests.test_wd_cache_layers" name="test_raw_codec_when_float32_then_round_trips_exactly" time="0.002" /><testcase classname="tests.test_wd_cache_layers" name="test_tag_table_when_loaded_from_csv_then_matches_worker_order" time="0.038" /><testcase classname="tests.test_wd_cache_layers" name="test_document_when_legacy_artifact_without_new_fields_parses" time="0.003" /><testcase classname="tests.test_wd_cache_layers" name="test_schema_when_optional_field_added_then_old_evidence_still_parses" time="0.002" /><testcase classname="tests.test_wd_exchange" name="test_exchange_when_lineage_corrupted[request_id]" time="0.114" /><testcase classname="tests.test_wd_exchange" name="test_exchange_when_lineage_corrupted[input_ids]" time="0.093" /><testcase classname="tests.test_wd_exchange" name="test_exchange_when_lineage_corrupted[providers_active]" time="0.099" /><testcase classname="tests.test_wd_exchange" name="test_exchange_when_lineage_corrupted[evidence]" time="0.105" /><testcase classname="tests.test_wd_exchange" name="test_exchange_when_response_matches" time="0.170" /><testcase classname="tests.test_wd_tagger" name="test_compact_when_scores_include_many_characters" time="0.004" /><testcase classname="tests.test_wd_tagger" name="test_compact_when_threshold_is_exact" time="0.003" /><testcase classname="tests.test_wd_tagger" name="test_document_when_saved_before_anchor_field_parses" time="0.034" /></testsuite></testsuites>